MPASM  5.50                          MAIN.ASM   7-26-2023  0:02:16         PAGE  1


LOC  OBJECT CODE     LINE SOURCE TEXT
  VALUE

                      00001 
Warning[205]: Found directive in column 1. (PROCESSOR)
                      00002 PROCESSOR 16F877A
Warning[205]: Found directive in column 1. (INCLUDE)
                      00003 INCLUDE "p16f877a.inc"
                      00001         LIST
                      00002 
                      00003 ;==========================================================================
                      00004 ;  MPASM PIC16F877A processor include
                      00005 ; 
                      00006 ;  (c) Copyright 1999-2013 Microchip Technology, All rights reserved
                      00007 ;==========================================================================
                      00008 
                      00566         LIST
                      00004 
                      00005 
Warning[205]: Found directive in column 1. (__CONFIG)
2007   3731           00006 __CONFIG 0x3731 ;
                      00007 ; ---------------------------------------------------
                      00008 ; -----------           Data Area                         -----------
                      00009 ; ---------------------------------------------------
  00000020            00010 R1_LSB EQU 0x20       ; Define the memory location for R1's Least Significant Byte
  00000021            00011 R1_MSB EQU 0x21       ; Define the memory location for R1's Most Significant Byte
  00000022            00012 R2_LSB EQU 0x22       ; Define the memory location for R2's Least Significant Byte
  00000023            00013 R2_MSB EQU 0x23       ; Define the memory location for R2's Most Significant Byte
  00000024            00014 TEMP_LSB EQU 0x24     ; Define the memory location for temporary storage (Least Significant Byte)
  00000025            00015 TEMP_MSB EQU 0x25     ; Define the memory location for temporary storage (Most Significant Byte)
  00000026            00016 RESULT_LSB EQU 0x26   ; Define the memory location for the result (Least Significant Byte)
  00000027            00017 RESULT_MSB EQU 0x27   ; Define the memory location for the result (Most Significant Byte)
  00000029            00018 C1 EQU 0x29
  0000002A            00019 C2 EQU 0x2A
  0000002B            00020 C3 EQU 0x2B
  0000002C            00021 C4 EQU 0x2C
  0000002D            00022 C5 EQU 0x2D
  00000034            00023 CURSOR EQU 0x34
  00000070            00024 Timer1  EQU     70              
  00000071            00025 TimerX  EQU     71      
  00000035            00026 BCDvalH EQU 0x35
  00000036            00027 BCDvalM EQU 0x36
  00000037            00028 BCDvalL EQU 0x37
  00000038            00029 MCount  EQU 0x38
  00000039            00030 NumbHi  EQU 0x39
  0000003A            00031 NumbLo  EQU 0x3A        
  0000003B            00032 TIMER_INDEX EQU 0x3B
  0000003B            00033 Temp EQU 0x3B
  00000005            00034 E EQU 5
  00000004            00035 RS EQU 4
  00000028            00036 TEMP_W EQU 0x28       ; Define the memory location for unused temporary storage (not used in this code)
                      00037 ; ---------------------------------------------------
                      00038 ; -----------                   Code Area                 -----------
                      00039 ; ---------------------------------------------------
                      00040 
Warning[205]: Found directive in column 1. (ORG)
MPASM  5.50                          MAIN.ASM   7-26-2023  0:02:16         PAGE  2


LOC  OBJECT CODE     LINE SOURCE TEXT
  VALUE

                      00041 ORG 0x00              ; Set the program counter to address 0x00 (start of program)
Warning[203]: Found opcode in column 1. (NOP)
0000   0000           00042 NOP                   ; No operation (dummy instruction)
0001   2???           00043         GOTO INIT             ; Jump to the initialization code
                      00044 
Warning[205]: Found directive in column 1. (ORG)
                      00045 ORG 0x04              ; Set the program counter to address 0x04 (interrupt service routine)
0004   0000           00046         NOP
0005   100C           00047         BCF     PIR1,TMR1IF
0006   1C8B           00048         BTFSS   INTCON, INTF    ; based on INTCON INTF Bit
0007   2???           00049         GOTO    TIMER_INTERUPT
0008   2???           00050         GOTO    BUTTON_INTERUPT
                      00051 
                      00052 
0009                  00053 TIMER_INTERUPT:
0009   1283 1303      00054         BANKSEL TIMER_INDEX
Message[305]: Using default destination of 1 (file).
000B   0BBB           00055         DECFSZ  TIMER_INDEX
000C   2???           00056         GOTO    SKIP1
Message[305]: Using default destination of 1 (file).
000D   0AB4           00057         INCF CURSOR
000E   0834           00058         MOVF CURSOR, 0
000F   2???           00059         CALL SEND_LCD_COMMAND
0010   3030           00060         MOVLW '0'
0011   2???           00061         CALL SEND_LCD_DATA
0012   0834           00062         MOVF CURSOR, 0
0013   2???           00063         CALL SEND_LCD_COMMAND
0014                  00064 SKIP1
0014   100C           00065     BCF         PIR1,TMR1IF     ; clear the TMR1 ov flag 
0015   108B           00066         BCF             INTCON,INTF             ; clear the External Interrupt Flag bit
0016   0009           00067     RETFIE
0017                  00068 BUTTON_INTERUPT:
0017   1283 1303      00069         BANKSEL INTCON
0019   108B           00070         BCF INTCON, INTF
001A   120B           00071         BCF INTCON, INTE
001B   0834           00072         MOVF CURSOR, 0
001C   3CC0           00073         SUBLW 0xC0
001D   1903           00074         BTFSC STATUS, Z
001E   2???           00075         GOTO INC_C1
001F   0834           00076         MOVF CURSOR, 0
0020   3CC1           00077         SUBLW 0xC1
0021   1903           00078         BTFSC STATUS, Z
0022   2???           00079         GOTO INC_C2
0023   0834           00080         MOVF CURSOR, 0
0024   3CC2           00081         SUBLW 0xC2
0025   1903           00082         BTFSC STATUS, Z
0026   2???           00083         GOTO INC_C3
0027   0834           00084         MOVF CURSOR, 0
0028   3CC3           00085         SUBLW 0xC3
0029   1903           00086         BTFSC STATUS, Z
002A   2???           00087         GOTO INC_C4
002B   0834           00088         MOVF CURSOR, 0
002C   3CC4           00089         SUBLW 0xC4
MPASM  5.50                          MAIN.ASM   7-26-2023  0:02:16         PAGE  3


LOC  OBJECT CODE     LINE SOURCE TEXT
  VALUE

002D   1903           00090         BTFSC STATUS, Z
002E   2???           00091         GOTO INC_C5
002F                  00092 INC_C1:
Message[305]: Using default destination of 1 (file).
002F   0AA9           00093         INCF C1                         ; INCREMENT THE DIGIT
0030   0829           00094         MOVF C1, 0                      ; LOAD IT TO W
0031   3C3A           00095         SUBLW 0x3A                      ; CHECK IF IT HAS EXCEEDED '9'
0032   1903           00096         BTFSC STATUS, Z         ; IF IT HAS RESET THE COUNTER
0033   2???           00097         CALL RESET_COUNTER_C1
0034   0829           00098         MOVF C1, 0                      ; MOVE THE NEW COUNTER VALUE TO W
0035   2???           00099         call SEND_LCD_DATA      
0036   0834           00100         MOVF CURSOR, 0  
0037   2???           00101         call SEND_LCD_COMMAND
0038   2???           00102         goto INTERUPT_END
0039                  00103 INC_C2:
0039   0829           00104         MOVF C1, 0
003A   3C36           00105         SUBLW '6'               
003B   1903           00106         BTFSC STATUS, Z ; CHECK IF C1 == 6
003C   2???           00107         GOTO c2_to_five
003D                  00108 c2_to_nine:
Message[305]: Using default destination of 1 (file).
003D   0AAA           00109         INCF C2                         ; INCREMENT THE DIGIT
003E   082A           00110         MOVF C2, 0                      ; LOAD IT TO W
003F   3C3A           00111         SUBLW 0x3A                      ; CHECK IF IT HAS EXCEEDED '9'
0040   1903           00112         BTFSC STATUS, Z         ; IF IT HAS RESET THE COUNTER
0041   2???           00113         CALL RESET_COUNTER_C2
0042   082A           00114         MOVF C2, 0                      ; MOVE THE NEW COUNTER VALUE TO W
0043   2???           00115         call SEND_LCD_DATA      
0044   0834           00116         MOVF CURSOR, 0  
0045   2???           00117         call SEND_LCD_COMMAND
0046   2???           00118         goto INTERUPT_END
0047                  00119 c2_to_five:
Message[305]: Using default destination of 1 (file).
0047   0AAA           00120         INCF C2                         ; INCREMENT THE DIGIT
0048   082A           00121         MOVF C2, 0                      ; LOAD IT TO W
0049   3C36           00122         SUBLW '6'                       ; CHECK IF IT HAS EXCEEDED '5'
004A   1903           00123         BTFSC STATUS, Z         ; IF IT HAS RESET THE COUNTER
004B   2???           00124         CALL RESET_COUNTER_C2
004C   082A           00125         MOVF C2, 0                      ; MOVE THE NEW COUNTER VALUE TO W
004D   2???           00126         call SEND_LCD_DATA      
004E   0834           00127         MOVF CURSOR, 0  
004F   2???           00128         call SEND_LCD_COMMAND
0050   2???           00129         goto INTERUPT_END       
0051                  00130 INC_C3:
0051   082A           00131         MOVF C2, 0
0052   3C35           00132         SUBLW '5'               ; Check if the last digit is 5
0053   1903           00133         BTFSC STATUS, Z
0054   2???           00134         goto check_c1_c3
0055                  00135 c3_to_nine:
Message[305]: Using default destination of 1 (file).
0055   0AAB           00136         INCF C3                         ; INCREMENT THE DIGIT
0056   082B           00137         MOVF C3, 0                      ; LOAD IT TO W
0057   3C3A           00138         SUBLW 0x3A                      ; CHECK IF IT HAS EXCEEDED '9'
MPASM  5.50                          MAIN.ASM   7-26-2023  0:02:16         PAGE  4


LOC  OBJECT CODE     LINE SOURCE TEXT
  VALUE

0058   1903           00139         BTFSC STATUS, Z         ; IF IT HAS RESET THE COUNTER
0059   2???           00140         CALL RESET_COUNTER_C3
005A   082B           00141         MOVF C3, 0                      ; MOVE THE NEW COUNTER VALUE TO W
005B   2???           00142         call SEND_LCD_DATA      
005C   0834           00143         MOVF CURSOR, 0  
005D   2???           00144         call SEND_LCD_COMMAND
005E   2???           00145         goto INTERUPT_END
005F                  00146 c3_to_five:
Message[305]: Using default destination of 1 (file).
005F   0AAB           00147         INCF C3                         ; INCREMENT THE DIGIT
0060   082B           00148         MOVF C3, 0                      ; LOAD IT TO W
0061   3C36           00149         SUBLW '6'                       ; CHECK IF IT HAS EXCEEDED '9'
0062   1903           00150         BTFSC STATUS, Z         ; IF IT HAS RESET THE COUNTER
0063   2???           00151         CALL RESET_COUNTER_C3
0064   082B           00152         MOVF C3, 0                      ; MOVE THE NEW COUNTER VALUE TO W
0065   2???           00153         call SEND_LCD_DATA      
0066   0834           00154         MOVF CURSOR, 0  
0067   2???           00155         call SEND_LCD_COMMAND
0068   2???           00156         goto INTERUPT_END
                      00157         
0069                  00158 INC_C4:
0069   082B           00159         MOVF C3, 0
006A   3C35           00160         SUBLW '5'
006B   1903           00161         BTFSC STATUS, Z
006C   2???           00162         goto check_c2_c4
006D                  00163 c4_to_nine:
Message[305]: Using default destination of 1 (file).
006D   0AAC           00164         INCF C4                 ; INCREMENT THE DIGIT
006E   082C           00165         MOVF C4, 0                      ; LOAD IT TO W
006F   3C3A           00166         SUBLW 0x3A                      ; CHECK IF IT HAS EXCEEDED '9'
0070   1903           00167         BTFSC STATUS, Z         ; IF IT HAS RESET THE COUNTER
0071   2???           00168         CALL RESET_COUNTER_C4
0072   082C           00169         MOVF C4, 0                      ; MOVE THE NEW COUNTER VALUE TO W
0073   2???           00170         call SEND_LCD_DATA      
0074   0834           00171         MOVF CURSOR, 0  
0075   2???           00172         call SEND_LCD_COMMAND
0076   2???           00173         goto INTERUPT_END
0077                  00174 c4_to_three:
Message[305]: Using default destination of 1 (file).
0077   0AAC           00175         INCF C4                 ; INCREMENT THE DIGIT
0078   082C           00176         MOVF C4, 0                      ; LOAD IT TO W
0079   3C34           00177         SUBLW '4'                       ; CHECK IF IT HAS EXCEEDED '9'
007A   1903           00178         BTFSC STATUS, Z         ; IF IT HAS RESET THE COUNTER
007B   2???           00179         CALL RESET_COUNTER_C4
007C   082C           00180         MOVF C4, 0                      ; MOVE THE NEW COUNTER VALUE TO W
007D   2???           00181         call SEND_LCD_DATA      
007E   0834           00182         MOVF CURSOR, 0  
007F   2???           00183         call SEND_LCD_COMMAND
0080   2???           00184         goto INTERUPT_END
0081                  00185 INC_C5:
0081   082C           00186         MOVF C4, 0
0082   3C33           00187         SUBLW '3'
0083   1903           00188         BTFSC STATUS, Z
MPASM  5.50                          MAIN.ASM   7-26-2023  0:02:16         PAGE  5


LOC  OBJECT CODE     LINE SOURCE TEXT
  VALUE

0084   2???           00189         goto check_c3_c5
0085                  00190 c5_to_nine:
Message[305]: Using default destination of 1 (file).
0085   0AAD           00191         INCF C5                         ; INCREMENT THE DIGIT
0086   082D           00192         MOVF C5, 0                      ; LOAD IT TO W
0087   3C3A           00193         SUBLW 0x3A                      ; CHECK IF IT HAS EXCEEDED '9'
0088   1903           00194         BTFSC STATUS, Z         ; IF IT HAS RESET THE COUNTER
0089   2???           00195         CALL RESET_COUNTER_C5
008A   082D           00196         MOVF C5, 0                      ; MOVE THE NEW COUNTER VALUE TO W
008B   2???           00197         call SEND_LCD_DATA      
008C   0834           00198         MOVF CURSOR, 0  
008D   2???           00199         call SEND_LCD_COMMAND
008E   2???           00200         goto INTERUPT_END
008F                  00201 c5_to_five:
Message[305]: Using default destination of 1 (file).
008F   0AAD           00202         INCF C5                         ; INCREMENT THE DIGIT
0090   082D           00203         MOVF C5, 0                      ; LOAD IT TO W
0091   3C36           00204         SUBLW '6'                       ; CHECK IF IT HAS EXCEEDED '9'
0092   1903           00205         BTFSC STATUS, Z         ; IF IT HAS RESET THE COUNTER
0093   2???           00206         CALL RESET_COUNTER_C5
0094   082D           00207         MOVF C5, 0                      ; MOVE THE NEW COUNTER VALUE TO W
0095   2???           00208         call SEND_LCD_DATA      
0096   0834           00209         MOVF CURSOR, 0  
0097   2???           00210         call SEND_LCD_COMMAND
0098   2???           00211         goto INTERUPT_END
                      00212 
0099                  00213 INTERUPT_END:
0099   1283 1303      00214         BANKSEL INTCON
009B   108B           00215         BCF INTCON, INTF
009C   100C           00216         BCF     PIR1,TMR1IF     ; clear the TMR1 ov flag 
009D   160B           00217         BSF INTCON, INTE        
009E   1283 1303      00218         BANKSEL PORTA
00A0   0009           00219         RETFIE
                      00220 
00A1                  00221 RESET_COUNTER_C1:
00A1   3030           00222         MOVLW '0'
00A2   00A9           00223         MOVWF C1
00A3   0008           00224         RETURN
00A4                  00225 RESET_COUNTER_C2:
00A4   3030           00226         MOVLW '0'
00A5   00AA           00227         MOVWF C2
00A6   0008           00228         RETURN
00A7                  00229 RESET_COUNTER_C3:
00A7   3030           00230         MOVLW '0'
00A8   00AB           00231         MOVWF C3
00A9   0008           00232         RETURN
00AA                  00233 RESET_COUNTER_C4:
00AA   3030           00234         MOVLW '0'
00AB   00AC           00235         MOVWF C4
00AC   0008           00236         RETURN
00AD                  00237 RESET_COUNTER_C5:
00AD   3030           00238         MOVLW '0'
00AE   00AD           00239         MOVWF C5
MPASM  5.50                          MAIN.ASM   7-26-2023  0:02:16         PAGE  6


LOC  OBJECT CODE     LINE SOURCE TEXT
  VALUE

00AF   0008           00240         RETURN
                      00241 ; ==========================================================================
                      00242 ;                                               END INTERUPTS
                      00243 ;                                                                                         
                      00244 ; ===========================================================================
00B0                  00245 INIT:
00B0   3030           00246         MOVLW '0'
00B1   00A9           00247         MOVWF C1
00B2   00AA           00248         MOVWF C2
00B3   00AB           00249         MOVWF C3
00B4   00AC           00250         MOVWF C4
00B5   00AD           00251         MOVWF C5
00B6   30C0           00252         MOVLW 0xC0
00B7   00B4           00253         MOVWF CURSOR
00B8   2???           00254         CALL INTERUPT_INIT
00B9   2???           00255         CALL INIT_DISPLAY
00BA   2???           00256         CALL INTITIAL_MESSAGE
00BB                  00257 START: 
00BB   00B9           00258         MOVWF NumbHi
00BC   00BA           00259         MOVWF NumbLo
00BD   2???           00260         CALL HexBCD
00BE   2???           00261         GOTO loop
                      00262 ; ==========================================================================
                      00263 ;                                               INTERUPTS & PORTS
                      00264 ;                                                                                         
                      00265 ; ===========================================================================
00BF                  00266 INTERUPT_INIT: 
00BF   1283 1303      00267         BANKSEL INTCON
00C1   178B           00268         BSF INTCON, GIE                 ; ENABLE GLOBAL INTERUPTS
00C2   160B           00269         BSF INTCON, INTE                ; ENABLE RB0 INTERUPT BIT
00C3   170B           00270         BSF INTCON, PEIE        ; Enable Peripheral Interrupts
                      00271 
00C4   1283 1303      00272         BANKSEL T1CON
00C6   3039           00273         MOVLW   b'00111001'             ; TMR1 initialisation code
00C7   0090           00274         MOVWF   T1CON                   ; Int clock, prescale128        
00C8   3000           00275         MOVLW   b'00000000'             ; MOVE VALUE TO LOWER TMR1 REGISTER
00C9   008E           00276         MOVWF   TMR1L                   ; 
00CA   3000           00277         MOVLW   b'00000000'             ; MOVE VALUE TO HIGHER TMR1 REGISTER
00CB   008F           00278         MOVWF   TMR1H                   ; CLEAR OVERFLOW FLAG
                      00279         
00CC   1683 1303      00280         BANKSEL PIE1            ; ENABLE TMR1 INTERRUPT FLAG
Message[302]: Register in operand not in bank 0.  Ensure that bank bits are correct.
00CE   140C           00281         BSF PIE1,TMR1IE
                      00282 
00CF   1283 1303      00283         BANKSEL PIR1
00D1   100C           00284         BCF PIR1, TMR1IF ;clear TMR1 interrupt flag
                      00285 
                      00286         ;Start the timer:
00D2   1410           00287         BSF T1CON, TMR1ON ;set TMR1 on bit      
00D3   100C           00288         BCF PIR1, TMR1IF
                      00289 
00D4   307F           00290         MOVLW   0x7f
00D5   00BB           00291         MOVWF   TIMER_INDEX
MPASM  5.50                          MAIN.ASM   7-26-2023  0:02:16         PAGE  7


LOC  OBJECT CODE     LINE SOURCE TEXT
  VALUE

                      00292         ; CLEAR OVERFLOW FLAG
00D6   100C           00293         BCF     PIR1,TMR1IF
00D7   1283 1303      00294         BANKSEL PORTA
00D9                  00295 PORTS_INIT:
                      00296         ; Convert PORTA into a digital 
00D9   1683 1303      00297         BANKSEL TRISA
Message[302]: Register in operand not in bank 0.  Ensure that bank bits are correct.
00DB   0185           00298         CLRF TRISA      ; SET ALL PINS AS OUTPUT
00DC   1283 1303      00299         BANKSEL PORTA
00DE   0185           00300         CLRF PORTA
00DF   1683 1303      00301         BANKSEL ADCON1
00E1   3006           00302         MOVLW 0x06
Message[302]: Register in operand not in bank 0.  Ensure that bank bits are correct.
00E2   009F           00303         MOVWF ADCON1
                      00304         ; SET PORTB PIN0 AS AN INPUT
00E3   1683 1303      00305         BANKSEL TRISB
Message[302]: Register in operand not in bank 0.  Ensure that bank bits are correct.
00E5   0186           00306         CLRF TRISB
Message[302]: Register in operand not in bank 0.  Ensure that bank bits are correct.
00E6   1406           00307         BSF TRISB, 0
00E7   1283 1303      00308         BANKSEL PORTA
                      00309 ; ==========================================================================
                      00310 ;                                               DISPLAY AND DELAYS
                      00311 ;                                                                                         
                      00312 ; ===========================================================================
00E9                  00313 xms:
00E9   00F1           00314         MOVWF   TimerX                  ; Count for X ms
00EA                  00315 loopX:  
00EA   2???           00316         CALL    onems                   ; Delay 1ms
Message[305]: Using default destination of 1 (file).
00EB   0BF1           00317         DECFSZ  TimerX                  ; Repeat X times 
00EC   2???           00318         GOTO    loopX                   ; until Z
00ED   0008           00319         RETURN                                  ; and finish
00EE                  00320 onems:  
00EE   30F9           00321         MOVLW   D'249'                  ; Count for 1ms delay 
00EF   00F0           00322         MOVWF   Timer1                  ; Load count
00F0                  00323 loop1:
00F0   0000           00324         NOP                                             ; Pad for 4 cycle loop
Message[305]: Using default destination of 1 (file).
00F1   0BF0           00325         DECFSZ  Timer1                  ; Count
00F2   2???           00326         GOTO    loop1                   ; until Z
00F3   0008           00327         RETURN                          ; and finish
00F4                  00328 INIT_DISPLAY:
00F4   3064           00329         MOVLW D'100'
00F5   2???           00330         CALL xms
00F6   3003           00331         MOVLW 0x03
00F7   0085           00332         MOVWF PORTA ; SEND 0x03 
00F8   2???           00333         CALL ENABLE_PULSE
00F9   2???           00334         call onems
00FA   2???           00335         call onems
00FB   2???           00336         call onems
00FC   2???           00337         call onems
00FD   2???           00338         call onems
MPASM  5.50                          MAIN.ASM   7-26-2023  0:02:16         PAGE  8


LOC  OBJECT CODE     LINE SOURCE TEXT
  VALUE

00FE   2???           00339         CALL ENABLE_PULSE
00FF   2???           00340         call onems
0100   2???           00341         CALL ENABLE_PULSE
0101   1005           00342         BCF PORTA, 0
0102   2???           00343         CALL ENABLE_PULSE
0103   3002           00344         MOVLW   0x2             ; Set 4-bit mode, 2 lines 0x28
0104   0085           00345         MOVWF PORTA
0105   2???           00346         call ENABLE_PULSE
0106   2???           00347         call onems
0107   3008           00348         MOVLW 0x8
0108   0185           00349         CLRF PORTA
0109   0085           00350         MOVWF PORTA
010A   2???           00351         call ENABLE_PULSE
010B   2???           00352         call onems
010C   0185           00353         CLRF PORTA
010D   2???           00354         call ENABLE_PULSE
010E   2???           00355         call onems
010F   300E           00356         MOVLW 0xE       ; ENABLE BLINKING
0110   0085           00357         MOVWF PORTA
0111   2???           00358         call ENABLE_PULSE
0112   2???           00359         call onems
0113   0008           00360         RETURN          
                      00361 
0114                  00362 ENABLE_PULSE:
0114   1685           00363         BSF PORTA, E
0115   2???           00364         call onems
0116   2???           00365         call onems
0117   2???           00366         call onems
0118   2???           00367         call onems
0119   2???           00368         call onems
011A   1285           00369         BCF PORTA, E
011B   2???           00370         call onems
011C   2???           00371         call onems
011D   2???           00372         call onems
011E   2???           00373         call onems
011F   2???           00374         call onems
0120   0008           00375         RETURN
                      00376 
0121                  00377 SEND_LCD_DATA:
0121   00A8           00378         MOVWF TEMP_W            ; SAVE A COPY OF W
Message[305]: Using default destination of 1 (file).
0122   0EA8           00379         SWAPF  TEMP_W           ; SWAP THE HIGHER NIBBLE WITH THE LOWER
0123   0828           00380         MOVF TEMP_W, 0          ; RELOAD THE SWAPPED NIBBLES TO W
0124   390F           00381         ANDLW 0x0F                      ; GET RID OF THE "HIGHER NIBBLE" (LOWER ORIGINALY)
0125   0085           00382         MOVWF PORTA                     ; STORE THE "LOWER NIBBLE" (HIGHER ORIGINALY) IN PORTA
0126   1605           00383         BSF PORTA, RS           ; SELECT DATA REGISTER
0127   2???           00384         call ENABLE_PULSE       ; SEND PULSE
0128   2???           00385         call onems
Message[305]: Using default destination of 1 (file).
0129   0EA8           00386         SWAPF TEMP_W            ; RESWAP THE NIBBLES
012A   0828           00387         MOVF TEMP_W, 0          ; STORE IT BACK IN W
012B   390F           00388         ANDLW 0x0F                      ; GET RID OF THE "HIGHER NIBBLE"
012C   0085           00389         MOVWF PORTA                     ; STORE THE LOWER NIBBLE IN W
MPASM  5.50                          MAIN.ASM   7-26-2023  0:02:16         PAGE  9


LOC  OBJECT CODE     LINE SOURCE TEXT
  VALUE

012D   1605           00390         BSF PORTA, RS           ; SELECT DATA REGISTER
012E   2???           00391         call ENABLE_PULSE       ; SEND PULSE
012F   2???           00392         call onems
0130   0008           00393         RETURN
                      00394 
0131                  00395 SEND_LCD_COMMAND:
0131   00A8           00396         MOVWF TEMP_W            ; SAVE A COPY OF W
Message[305]: Using default destination of 1 (file).
0132   0EA8           00397         SWAPF  TEMP_W           ; SWAP THE HIGHER NIBBLE WITH THE LOWER
0133   0828           00398         MOVF TEMP_W, 0          ; RELOAD THE SWAPPED NIBBLES TO W
0134   390F           00399         ANDLW 0x0F                      ; GET RID OF THE "HIGHER NIBBLE" (LOWER ORIGINALY)
0135   0085           00400         MOVWF PORTA                     ; STORE THE "LOWER NIBBLE" (HIGHER ORIGINALY) IN PORTA
0136   1205           00401         BCF PORTA, RS           ; SELECT COMMAND REGISTER
0137   2???           00402         call ENABLE_PULSE       ; SEND PULSE
0138   2???           00403         call onems
Message[305]: Using default destination of 1 (file).
0139   0EA8           00404         SWAPF TEMP_W            ; RESWAP THE NIBBLES
013A   0828           00405         MOVF TEMP_W, 0          ; STORE IT BACK IN W
013B   390F           00406         ANDLW 0x0F                      ; GET RID OF THE "HIGHER NIBBLE"
013C   0085           00407         MOVWF PORTA                     ; STORE THE LOWER NIBBLE IN W
013D   1205           00408         BCF PORTA, RS           ; SELECT COMMAND REGISTER
013E   2???           00409         call ENABLE_PULSE       ; SEND PULSE
013F   2???           00410         call onems
0140   0008           00411         RETURN
                      00412 
0141                  00413 INTITIAL_MESSAGE:
0141   3045           00414         MOVLW 'E'
0142   2???           00415         CALL SEND_LCD_DATA
0143   304E           00416         MOVLW 'N'
0144   2???           00417         CALL SEND_LCD_DATA
0145   3054           00418         MOVLW 'T'
0146   2???           00419         CALL SEND_LCD_DATA
0147   3045           00420         MOVLW 'E'
0148   2???           00421         CALL SEND_LCD_DATA
0149   3052           00422         MOVLW 'R'
014A   2???           00423         CALL SEND_LCD_DATA
014B   3020           00424         MOVLW ' '
014C   2???           00425         CALL SEND_LCD_DATA
014D   304E           00426         MOVLW 'N'
014E   2???           00427         CALL SEND_LCD_DATA
014F   3055           00428         MOVLW 'U'
0150   2???           00429         CALL SEND_LCD_DATA
0151   304D           00430         MOVLW 'M'
0152   2???           00431         CALL SEND_LCD_DATA
0153   3031           00432         MOVLW '1'
0154   2???           00433         CALL SEND_LCD_DATA
0155   303A           00434         MOVLW ':'
0156   2???           00435         CALL SEND_LCD_DATA
0157   30C0           00436         MOVLW 0xC0
0158   2???           00437         CALL SEND_LCD_COMMAND
0159   3030           00438         MOVLW '0'
015A   2???           00439         CALL SEND_LCD_DATA
015B   0834           00440         MOVF CURSOR, 0
MPASM  5.50                          MAIN.ASM   7-26-2023  0:02:16         PAGE 10


LOC  OBJECT CODE     LINE SOURCE TEXT
  VALUE

015C   2???           00441         CALL SEND_LCD_COMMAND
015D   0008           00442         RETURN
                      00443 ; ==========================================================================
                      00444 ;                                                       NUMBERS & CONVERSIONS
                      00445 ;                                                                                         
                      00446 ; ===========================================================================
015E                  00447 HexBCD: 
015E   3010           00448         movlw d'16'
015F   00B8           00449         movwf MCount
0160   01B5           00450         clrf BCDvalH
0161   01B6           00451         clrf BCDvalM
0162   01B7           00452         clrf BCDvalL
0163   1003           00453         bcf STATUS,C
                      00454 
0164                  00455 loop16:  
0164   0DBA           00456         rlf NumbLo,F
0165   0DB9           00457         rlf NumbHi,F
0166   0DB7           00458         rlf BCDvalL,F
0167   0DB6           00459         rlf BCDvalM,F
0168   0DB5           00460         rlf BCDvalH,F
                      00461 
0169   03B8           00462         decf MCount,F
016A   1903           00463         btfsc STATUS,Z
016B   0008           00464         return
                      00465 
016C                  00466 adjDEC:   
016C   3037           00467         movlw BCDvalL
016D   0084           00468         movwf FSR
016E   2???           00469         call adjBCD
016F   3036           00470         movlw BCDvalM
0170   0084           00471         movwf FSR
0171   2???           00472         call adjBCD
0172   3035           00473         movlw BCDvalH
0173   0084           00474         movwf FSR
0174   2???           00475         call adjBCD
0175   2???           00476         goto loop16
                      00477 
0176                  00478 adjBCD 
0176   3003           00479         movlw d'3'
0177   0700           00480         addwf INDF,W
0178   00BB           00481         movwf Temp
0179   19BB           00482         btfsc Temp,3
017A   0080           00483         movwf INDF
017B   3030           00484         movlw 30h
017C   0700           00485         addwf INDF,W
017D   00BB           00486         movwf Temp
017E   1BBB           00487         btfsc Temp,7
017F   0080           00488         movwf INDF
0180   0008           00489         return
                      00490 ; ==========================================================================
                      00491 ;                                               ARETHMETIC OPERATIONS 
                      00492 ;                                                                                         
                      00493 ; ===========================================================================
MPASM  5.50                          MAIN.ASM   7-26-2023  0:02:16         PAGE 11


LOC  OBJECT CODE     LINE SOURCE TEXT
  VALUE

0181                  00494 ADD:
0181   01A6           00495         CLRF RESULT_LSB       ; Clear the result's Least Significant Byte
0182   01A7           00496         CLRF RESULT_MSB       ; Clear the result's Most Significant Byte
0183   0820           00497         MOVF R1_LSB, 0        ; Move the value in R1_LSB to W register
0184   0722           00498         ADDWF R2_LSB, 0       ; Add the value in W to R2_LSB (result in R2_LSB with no carry)
0185   1803           00499         BTFSC STATUS, 0       ; Check if there was a carry from the previous addition
Message[305]: Using default destination of 1 (file).
0186   0AA7           00500         INCF RESULT_MSB       ; If carry, increment the result's Most Significant Byte
0187   00A6           00501         MOVWF RESULT_LSB      ; Move the result of addition to the result's Least Significant Byte
0188   0821           00502         MOVF R1_MSB, 0        ; Move the value in R1_MSB to W register
0189   0723           00503         ADDWF R2_MSB, 0       ; Add the value in W to R2_MSB (result in R2_MSB with carry)
Message[305]: Using default destination of 1 (file).
018A   07A7           00504         ADDWF RESULT_MSB      ; Add the result of addition to the result's Most Significant Byte
018B   0008           00505         RETURN               ; Return from the subroutine
                      00506 
018C                  00507 SUB:
018C   0922           00508         COMF R2_LSB, 0        ; Compute the two's complement of R2_LSB
018D   0724           00509         ADDWF TEMP_LSB, 0     ; Add 1 to get the two's complement
018E   1803           00510         BTFSC STATUS, 0       ; Check if there was a carry from the previous addition
Message[305]: Using default destination of 1 (file).
018F   0AA5           00511         INCF TEMP_MSB         ; If there was a carry, increment TEMP_MSB
0190   3E01           00512         ADDLW 0x01            ; Add 1 to W register
0191   1803           00513         BTFSC STATUS, 0       ; Check if there was a carry from the previous addition
Message[305]: Using default destination of 1 (file).
0192   0AA5           00514         INCF TEMP_MSB         ; If there was a carry, increment TEMP_MSB
0193   00A4           00515         MOVWF TEMP_LSB        ; Move the result of two's complement to TEMP_LSB
0194   0923           00516         COMF R2_MSB, 0        ; Compute the two's complement of R2_MSB
0195   0725           00517         ADDWF TEMP_MSB, 0     ; Add 1 to get the two's complement
0196   00A5           00518         MOVWF TEMP_MSB        ; Move the result of two's complement to TEMP_MSB
0197   0008           00519         RETURN                ; Return from the subroutine
                      00520 
0198                  00521 DIVIDE:
0198   01A7           00522         CLRF RESULT_MSB       ; Clear the result's Most Significant Byte
0199   01A6           00523         CLRF RESULT_LSB       ; Clear the result's Least Significant Byte
019A   0820           00524         MOVF R1_LSB, 0        ; Move the value in R1_LSB to TEMP_LSB (temporary storage)
019B   00A4           00525         MOVWF TEMP_LSB
019C   0821           00526         MOVF R1_MSB, 0        ; Move the value in R1_MSB to TEMP_MSB (temporary storage)
019D   00A5           00527         MOVWF TEMP_MSB
019E                  00528 DIVLOOP:
019E   2???           00529         CALL SUB              ; Call the SUB subroutine to perform subtraction
019F   1C03           00530         BTFSS STATUS, 0       ; Check if there was a borrow (no carry) from the previous subtraction
01A0   2???           00531         GOTO DIVEND           ; If no borrow, exit the loop (division complete)
Message[305]: Using default destination of 1 (file).
01A1   0AA6           00532         INCF RESULT_LSB       ; Increment the result's Least Significant Byte
01A2   1903           00533         BTFSC STATUS, 2       ; Check if the register is overflown
Message[305]: Using default destination of 1 (file).
01A3   0AA7           00534         INCF RESULT_MSB       ; If it is, increment the result's Most Significant Byte
01A4   2???           00535         GOTO DIVLOOP          ; Continue the division loop
01A5                  00536 DIVEND:
01A5   0008           00537         RETURN                ; Return from the DIVIDE subroutine
01A6                  00538 MOD:
01A6   01A7           00539         CLRF RESULT_MSB       ; Clear the result's Most Significant Byte (initialize to 0)
01A7   01A6           00540         CLRF RESULT_LSB       ; Clear the result's Least Significant Byte (initialize to 0)
MPASM  5.50                          MAIN.ASM   7-26-2023  0:02:16         PAGE 12


LOC  OBJECT CODE     LINE SOURCE TEXT
  VALUE

01A8   0820           00541         MOVF R1_LSB, 0        ; Move the value in R1_LSB to TEMP_LSB (temporary storage)
01A9   00A4           00542         MOVWF TEMP_LSB
01AA   0821           00543         MOVF R1_MSB, 0        ; Move the value in R1_MSB to TEMP_MSB (temporary storage)
01AB   00A5           00544         MOVWF TEMP_MSB
01AC                  00545 MODLOOP:
01AC   2???           00546         CALL SUB              ; Call the SUB subroutine to perform subtraction
01AD   1C03           00547         BTFSS STATUS, 0       ; Check if there was a borrow (no carry) from the previous subtraction
01AE   2???           00548         GOTO MODEND           ; If no borrow, exit the loop (modulo operation complete)
01AF   2???           00549         GOTO MODLOOP          ; Continue the modulo loop
                      00550 
01B0                  00551 MODEND:
01B0   0822           00552         MOVF R2_LSB, 0        ; Move the value in R2_LSB to W register
01B1   0724           00553         ADDWF TEMP_LSB, 0     ; Add the value in W to TEMP_LSB (carry ignored as it's not needed)
01B2   1803           00554         BTFSC STATUS, 0       ; Check if there was a carry from the addition
Message[305]: Using default destination of 1 (file).
01B3   0AA7           00555         INCF RESULT_MSB       ; If carry, increment the result's Most Significant Byte
01B4   00A6           00556         MOVWF RESULT_LSB      ; Move the result of the addition to the result's Least Significant Byte
                      00557 
01B5   0823           00558         MOVF R2_MSB, 0        ; Move the value in R2_MSB to W register
01B6   0725           00559         ADDWF TEMP_MSB, 0     ; Add the value in W to TEMP_MSB (carry ignored as it's not needed)
Message[305]: Using default destination of 1 (file).
01B7   07A7           00560         ADDWF RESULT_MSB      ; Add the result of the addition to the result's Most Significant Byte
                      00561 
01B8   0008           00562         RETURN                  ; Return from the MOD subroutine              
                      00563 
                      00564 ; ==========================================================================
                      00565 ;                                               INCREMENTS
                      00566 ;                                                                                         
                      00567 ; ===========================================================================
01B9                  00568 check_c1_c3:
01B9   0829           00569         MOVF C1, 0
01BA   3C36           00570         SUBLW '6'
01BB   1903           00571         BTFSC STATUS, Z
01BC   2???           00572         goto c3_to_five
01BD   2???           00573         goto c3_to_nine
01BE                  00574 check_c2_c4:
01BE   082A           00575         MOVF C2, 0
01BF   3C35           00576         SUBLW '5'
01C0   1903           00577         BTFSC STATUS, Z
01C1   2???           00578         goto check_c1_c4
01C2   2???           00579         goto c4_to_nine
01C3                  00580 check_c1_c4:
01C3   0829           00581         MOVF C1, 0
01C4   3C36           00582         SUBLW '6'
01C5   1903           00583         BTFSC STATUS, Z
01C6   2???           00584         goto c4_to_three
01C7   2???           00585         goto c4_to_nine
01C8                  00586 check_c3_c5:
01C8   082B           00587         MOVF C3, 0
01C9   3C35           00588         SUBLW '5'
01CA   1903           00589         BTFSC STATUS, Z
01CB   2???           00590         goto check_c2_c5
01CC   2???           00591         goto c5_to_nine
MPASM  5.50                          MAIN.ASM   7-26-2023  0:02:16         PAGE 13


LOC  OBJECT CODE     LINE SOURCE TEXT
  VALUE

01CD                  00592 check_c2_c5:
01CD   082A           00593         MOVF C2, 0
01CE   3C35           00594         SUBLW '5'
01CF   1903           00595         BTFSC STATUS, Z
01D0   2???           00596         goto check_c1_c5
01D1   2???           00597         goto c5_to_nine
01D2                  00598 check_c1_c5:
01D2   0829           00599         MOVF C1, 0
01D3   3C36           00600         SUBLW '6'
01D4   1903           00601         BTFSC STATUS, Z
01D5   2???           00602         goto c5_to_five
01D6   2???           00603         goto c5_to_nine
                      00604 
01D7                  00605 loop:
01D7   2???           00606         GOTO loop
3731                  00607         END                  ; End of the progra
MPASM  5.50                          MAIN.ASM   7-26-2023  0:02:16         PAGE 14


SYMBOL TABLE
  LABEL                             VALUE 

ACKDT                             00000005
ACKEN                             00000004
ACKSTAT                           00000006
ADCON0                            0000001F
ADCON1                            0000009F
ADCS0                             00000006
ADCS1                             00000007
ADCS2                             00000006
ADD                               00000181
ADDEN                             00000003
ADFM                              00000007
ADIE                              00000006
ADIF                              00000006
ADON                              00000000
ADRESH                            0000001E
ADRESL                            0000009E
BCDvalH                           00000035
BCDvalL                           00000037
BCDvalM                           00000036
BCLIE                             00000003
BCLIF                             00000003
BF                                00000000
BRGH                              00000002
BUTTON_INTERUPT                   00000017
C                                 00000000
C1                                00000029
C1INV                             00000004
C1OUT                             00000006
C2                                0000002A
C2INV                             00000005
C2OUT                             00000007
C3                                0000002B
C4                                0000002C
C5                                0000002D
CCP1CON                           00000017
CCP1IE                            00000002
CCP1IF                            00000002
CCP1M0                            00000000
CCP1M1                            00000001
CCP1M2                            00000002
CCP1M3                            00000003
CCP1X                             00000005
CCP1Y                             00000004
CCP2CON                           0000001D
CCP2IE                            00000000
CCP2IF                            00000000
CCP2M0                            00000000
CCP2M1                            00000001
CCP2M2                            00000002
CCP2M3                            00000003
CCP2X                             00000005
CCP2Y                             00000004
CCPR1                             00000015
MPASM  5.50                          MAIN.ASM   7-26-2023  0:02:16         PAGE 15


SYMBOL TABLE
  LABEL                             VALUE 

CCPR1H                            00000016
CCPR1L                            00000015
CCPR2                             0000001B
CCPR2H                            0000001C
CCPR2L                            0000001B
CHS0                              00000003
CHS1                              00000004
CHS2                              00000005
CIS                               00000003
CKE                               00000006
CKP                               00000004
CM0                               00000000
CM1                               00000001
CM2                               00000002
CMCON                             0000009C
CMIE                              00000006
CMIF                              00000006
CREN                              00000004
CSRC                              00000007
CURSOR                            00000034
CVR0                              00000000
CVR1                              00000001
CVR2                              00000002
CVR3                              00000003
CVRCON                            0000009D
CVREN                             00000007
CVROE                             00000006
CVRR                              00000005
D                                 00000005
DATA_ADDRESS                      00000005
DC                                00000001
DIVEND                            000001A5
DIVIDE                            00000198
DIVLOOP                           0000019E
D_A                               00000005
D_NOT_A                           00000005
E                                 00000005
EEADR                             0000010D
EEADRH                            0000010F
EECON1                            0000018C
EECON2                            0000018D
EEDATA                            0000010C
EEDATH                            0000010E
EEIE                              00000004
EEIF                              00000004
EEPGD                             00000007
ENABLE_PULSE                      00000114
F                                 00000001
FERR                              00000002
FSR                               00000004
GCEN                              00000007
GIE                               00000007
GO                                00000002
MPASM  5.50                          MAIN.ASM   7-26-2023  0:02:16         PAGE 16


SYMBOL TABLE
  LABEL                             VALUE 

GO_DONE                           00000002
GO_NOT_DONE                       00000002
HexBCD                            0000015E
I2C_DATA                          00000005
I2C_READ                          00000002
I2C_START                         00000003
I2C_STOP                          00000004
IBF                               00000007
IBOV                              00000005
INC_C1                            0000002F
INC_C2                            00000039
INC_C3                            00000051
INC_C4                            00000069
INC_C5                            00000081
INDF                              00000000
INIT                              000000B0
INIT_DISPLAY                      000000F4
INTCON                            0000000B
INTE                              00000004
INTEDG                            00000006
INTERUPT_END                      00000099
INTERUPT_INIT                     000000BF
INTF                              00000001
INTITIAL_MESSAGE                  00000141
IRP                               00000007
MCount                            00000038
MOD                               000001A6
MODEND                            000001B0
MODLOOP                           000001AC
NOT_A                             00000005
NOT_ADDRESS                       00000005
NOT_BO                            00000000
NOT_BOR                           00000000
NOT_DONE                          00000002
NOT_PD                            00000003
NOT_POR                           00000001
NOT_RBPU                          00000007
NOT_RC8                           00000006
NOT_T1SYNC                        00000002
NOT_TO                            00000004
NOT_TX8                           00000006
NOT_W                             00000002
NOT_WRITE                         00000002
NumbHi                            00000039
NumbLo                            0000003A
OBF                               00000006
OERR                              00000001
OPTION_REG                        00000081
P                                 00000004
PCFG0                             00000000
PCFG1                             00000001
PCFG2                             00000002
PCFG3                             00000003
MPASM  5.50                          MAIN.ASM   7-26-2023  0:02:16         PAGE 17


SYMBOL TABLE
  LABEL                             VALUE 

PCL                               00000002
PCLATH                            0000000A
PCON                              0000008E
PEIE                              00000006
PEN                               00000002
PIE1                              0000008C
PIE2                              0000008D
PIR1                              0000000C
PIR2                              0000000D
PORTA                             00000005
PORTB                             00000006
PORTC                             00000007
PORTD                             00000008
PORTE                             00000009
PORTS_INIT                        000000D9
PR2                               00000092
PS0                               00000000
PS1                               00000001
PS2                               00000002
PSA                               00000003
PSPIE                             00000007
PSPIF                             00000007
PSPMODE                           00000004
R                                 00000002
R1_LSB                            00000020
R1_MSB                            00000021
R2_LSB                            00000022
R2_MSB                            00000023
RA0                               00000000
RA1                               00000001
RA2                               00000002
RA3                               00000003
RA4                               00000004
RA5                               00000005
RB0                               00000000
RB1                               00000001
RB2                               00000002
RB3                               00000003
RB4                               00000004
RB5                               00000005
RB6                               00000006
RB7                               00000007
RBIE                              00000003
RBIF                              00000000
RC0                               00000000
RC1                               00000001
RC2                               00000002
RC3                               00000003
RC4                               00000004
RC5                               00000005
RC6                               00000006
RC7                               00000007
RC8_9                             00000006
MPASM  5.50                          MAIN.ASM   7-26-2023  0:02:16         PAGE 18


SYMBOL TABLE
  LABEL                             VALUE 

RC9                               00000006
RCD8                              00000000
RCEN                              00000003
RCIE                              00000005
RCIF                              00000005
RCREG                             0000001A
RCSTA                             00000018
RD                                00000000
RD0                               00000000
RD1                               00000001
RD2                               00000002
RD3                               00000003
RD4                               00000004
RD5                               00000005
RD6                               00000006
RD7                               00000007
RE0                               00000000
RE1                               00000001
RE2                               00000002
READ_WRITE                        00000002
RESET_COUNTER_C1                  000000A1
RESET_COUNTER_C2                  000000A4
RESET_COUNTER_C3                  000000A7
RESET_COUNTER_C4                  000000AA
RESET_COUNTER_C5                  000000AD
RESULT_LSB                        00000026
RESULT_MSB                        00000027
RP0                               00000005
RP1                               00000006
RS                                00000004
RSEN                              00000001
RX9                               00000006
RX9D                              00000000
R_NOT_W                           00000002
R_W                               00000002
S                                 00000003
SEN                               00000000
SEND_LCD_COMMAND                  00000131
SEND_LCD_DATA                     00000121
SKIP1                             00000014
SMP                               00000007
SPBRG                             00000099
SPEN                              00000007
SREN                              00000005
SSPADD                            00000093
SSPBUF                            00000013
SSPCON                            00000014
SSPCON2                           00000091
SSPEN                             00000005
SSPIE                             00000003
SSPIF                             00000003
SSPM0                             00000000
SSPM1                             00000001
MPASM  5.50                          MAIN.ASM   7-26-2023  0:02:16         PAGE 19


SYMBOL TABLE
  LABEL                             VALUE 

SSPM2                             00000002
SSPM3                             00000003
SSPOV                             00000006
SSPSTAT                           00000094
START                             000000BB
STATUS                            00000003
SUB                               0000018C
SYNC                              00000004
T0CS                              00000005
T0IE                              00000005
T0IF                              00000002
T0SE                              00000004
T1CKPS0                           00000004
T1CKPS1                           00000005
T1CON                             00000010
T1INSYNC                          00000002
T1OSCEN                           00000003
T1SYNC                            00000002
T2CKPS0                           00000000
T2CKPS1                           00000001
T2CON                             00000012
TEMP_LSB                          00000024
TEMP_MSB                          00000025
TEMP_W                            00000028
TIMER_INDEX                       0000003B
TIMER_INTERUPT                    00000009
TMR0                              00000001
TMR0IE                            00000005
TMR0IF                            00000002
TMR1                              0000000E
TMR1CS                            00000001
TMR1H                             0000000F
TMR1IE                            00000000
TMR1IF                            00000000
TMR1L                             0000000E
TMR1ON                            00000000
TMR2                              00000011
TMR2IE                            00000001
TMR2IF                            00000001
TMR2ON                            00000002
TOUTPS0                           00000003
TOUTPS1                           00000004
TOUTPS2                           00000005
TOUTPS3                           00000006
TRISA                             00000085
TRISA0                            00000000
TRISA1                            00000001
TRISA2                            00000002
TRISA3                            00000003
TRISA4                            00000004
TRISA5                            00000005
TRISB                             00000086
TRISB0                            00000000
MPASM  5.50                          MAIN.ASM   7-26-2023  0:02:16         PAGE 20


SYMBOL TABLE
  LABEL                             VALUE 

TRISB1                            00000001
TRISB2                            00000002
TRISB3                            00000003
TRISB4                            00000004
TRISB5                            00000005
TRISB6                            00000006
TRISB7                            00000007
TRISC                             00000087
TRISC0                            00000000
TRISC1                            00000001
TRISC2                            00000002
TRISC3                            00000003
TRISC4                            00000004
TRISC5                            00000005
TRISC6                            00000006
TRISC7                            00000007
TRISD                             00000088
TRISD0                            00000000
TRISD1                            00000001
TRISD2                            00000002
TRISD3                            00000003
TRISD4                            00000004
TRISD5                            00000005
TRISD6                            00000006
TRISD7                            00000007
TRISE                             00000089
TRISE0                            00000000
TRISE1                            00000001
TRISE2                            00000002
TRMT                              00000001
TX8_9                             00000006
TX9                               00000006
TX9D                              00000000
TXD8                              00000000
TXEN                              00000005
TXIE                              00000004
TXIF                              00000004
TXREG                             00000019
TXSTA                             00000098
Temp                              0000003B
Timer1                            00000070
TimerX                            00000071
UA                                00000001
W                                 00000000
WCOL                              00000007
WR                                00000001
WREN                              00000002
WRERR                             00000003
Z                                 00000002
_BODEN_OFF                        00003FBF
_BODEN_ON                         00003FFF
_BOREN_OFF                        00003FBF
_BOREN_ON                         00003FFF
MPASM  5.50                          MAIN.ASM   7-26-2023  0:02:16         PAGE 21


SYMBOL TABLE
  LABEL                             VALUE 

_CONFIG                           00002007
_CPD_OFF                          00003FFF
_CPD_ON                           00003EFF
_CP_ALL                           00001FFF
_CP_OFF                           00003FFF
_CP_ON                            00001FFF
_DEBUG_OFF                        00003FFF
_DEBUG_ON                         000037FF
_DEVID1                           00002006
_FOSC_EXTRC                       00003FFF
_FOSC_HS                          00003FFE
_FOSC_LP                          00003FFC
_FOSC_XT                          00003FFD
_HS_OSC                           00003FFE
_IDLOC0                           00002000
_IDLOC1                           00002001
_IDLOC2                           00002002
_IDLOC3                           00002003
_LP_OSC                           00003FFC
_LVP_OFF                          00003F7F
_LVP_ON                           00003FFF
_PWRTE_OFF                        00003FFF
_PWRTE_ON                         00003FF7
_RC_OSC                           00003FFF
_WDTE_OFF                         00003FFB
_WDTE_ON                          00003FFF
_WDT_OFF                          00003FFB
_WDT_ON                           00003FFF
_WRT_1FOURTH                      00003BFF
_WRT_256                          00003DFF
_WRT_HALF                         000039FF
_WRT_OFF                          00003FFF
_XT_OSC                           00003FFD
__16F877A                         00000001
__DEBUG                           1
adjBCD                            00000176
adjDEC                            0000016C
c2_to_five                        00000047
c2_to_nine                        0000003D
c3_to_five                        0000005F
c3_to_nine                        00000055
c4_to_nine                        0000006D
c4_to_three                       00000077
c5_to_five                        0000008F
c5_to_nine                        00000085
check_c1_c3                       000001B9
check_c1_c4                       000001C3
check_c1_c5                       000001D2
check_c2_c4                       000001BE
check_c2_c5                       000001CD
check_c3_c5                       000001C8
loop                              000001D7
loop1                             000000F0
MPASM  5.50                          MAIN.ASM   7-26-2023  0:02:16         PAGE 22


SYMBOL TABLE
  LABEL                             VALUE 

loop16                            00000164
loopX                             000000EA
onems                             000000EE
xms                               000000E9

Errors   :     0
Warnings :     6 reported,     0 suppressed
Messages :    30 reported,     0 suppressed

