MPASM  5.50                          MAIN.ASM   7-21-2023  19:12:11         PAGE  1


LOC  OBJECT CODE     LINE SOURCE TEXT
  VALUE

Warning[205]: Found directive in column 1. (PROCESSOR)
                      00001 PROCESSOR 16F877A
Warning[205]: Found directive in column 1. (INCLUDE)
                      00002 INCLUDE "p16f877a.inc"
                      00001         LIST
                      00002 
                      00003 ;==========================================================================
                      00004 ;  MPASM PIC16F877A processor include
                      00005 ; 
                      00006 ;  (c) Copyright 1999-2013 Microchip Technology, All rights reserved
                      00007 ;==========================================================================
                      00008 
                      00566         LIST
                      00003 
                      00004 
Warning[205]: Found directive in column 1. (__CONFIG)
2007   3731           00005 __CONFIG 0x3731 ;
                      00006 ; ---------------------------------------------------
                      00007 ; ----------- Data Area -----------
                      00008 ; ---------------------------------------------------
  00000020            00009 R1_LSB EQU 0x20       ; Define the memory location for R1's Least Significant Byte
  00000021            00010 R1_MSB EQU 0x21       ; Define the memory location for R1's Most Significant Byte
  00000022            00011 R2_LSB EQU 0x22       ; Define the memory location for R2's Least Significant Byte
  00000023            00012 R2_MSB EQU 0x23       ; Define the memory location for R2's Most Significant Byte
  00000024            00013 TEMP_LSB EQU 0x24     ; Define the memory location for temporary storage (Least Significant Byte)
  00000025            00014 TEMP_MSB EQU 0x25     ; Define the memory location for temporary storage (Most Significant Byte)
  00000026            00015 RESULT_LSB EQU 0x26   ; Define the memory location for the result (Least Significant Byte)
  00000027            00016 RESULT_MSB EQU 0x27   ; Define the memory location for the result (Most Significant Byte)
                      00017 
  00000028            00018 TEMP_W EQU 0x28       ; Define the memory location for unused temporary storage (not used in this code)
                      00019 
                      00020 ; ---------------------------------------------------
                      00021 ; ----------- Code Area -----------
                      00022 ; ---------------------------------------------------
                      00023 
Warning[205]: Found directive in column 1. (ORG)
                      00024 ORG 0x00              ; Set the program counter to address 0x00 (start of program)
Warning[203]: Found opcode in column 1. (NOP)
0000   0000           00025 NOP                   ; No operation (dummy instruction)
Warning[203]: Found opcode in column 1. (GOTO)
0001   2???           00026 GOTO INIT             ; Jump to the initialization code
                      00027 
Warning[205]: Found directive in column 1. (ORG)
                      00028 ORG 0x04              ; Set the program counter to address 0x04 (interrupt service routine)
Warning[203]: Found opcode in column 1. (GOTO)
0004   2???           00029 GOTO ISR              ; Jump to the interrupt service routine
                      00030 
0005                  00031 ISR: 
0005   0000           00032         NOP                   ; Interrupt service routine: No operation
0006   0009           00033         retfie                ; Return from interrupt
                      00034 
0007                  00035 INIT:
0007   01A0           00036         CLRF  R1_LSB          ; Clear R1's Least Significant Byte (initialize to 0)
MPASM  5.50                          MAIN.ASM   7-21-2023  19:12:11         PAGE  2


LOC  OBJECT CODE     LINE SOURCE TEXT
  VALUE

0008   01A1           00037         CLRF R1_MSB           ; Clear R1's Most Significant Byte (initialize to 0)
0009   01A2           00038         CLRF R2_LSB           ; Clear R2's Least Significant Byte (initialize to 0)
000A   01A3           00039         CLRF R2_MSB           ; Clear R2's Most Significant Byte (initialize to 0)
000B   01A4           00040         CLRF TEMP_LSB         ; Clear temporary storage (Least Significant Byte) (initialize to 0)
000C   01A5           00041         CLRF TEMP_MSB         ; Clear temporary storage (Most Significant Byte) (initialize to 0)
000D   01A8           00042         CLRF TEMP_W           ; Clear unused temporary storage (initialize to 0)
000E   0103           00043         CLRW                  ; Clear W register (working register) (initialize to 0)
                      00044 
000F                  00045 START: 
000F   3049           00046         MOVLW 0x49             ; Load W register with the value 0x49
0010   00A0           00047         MOVWF R1_LSB           ; Move the value in W to R1's Least Significant Byte
0011   3006           00048         MOVLW 0x06             ; Load W register with the value 0x06
0012   00A1           00049         MOVWF R1_MSB           ; Move the value in W to R1's Most Significant Byte
0013   300A           00050         MOVLW 0xA              ; Load W register with the value 0xA
0014   00A2           00051         MOVWF R2_LSB           ; Move the value in W to R2's Least Significant Byte
0015   3000           00052         MOVLW 0x00             ; Load W register with the value 0x00
0016   00A3           00053         MOVWF R2_MSB           ; Move the value in W to R2's Most Significant Byte
0017   2???           00054         CALL MOD               ; Call the MOD subroutine to perform modulo operation
0018   2???           00055         GOTO loop              ; Jump to the loop label
                      00056 
0019                  00057 ADD:
                      00058         ; ... (Addition subroutine, unchanged)
                      00059 
0019                  00060 SUB:
                      00061         ; ... (Subtraction subroutine, unchanged)
                      00062 
0019                  00063 DIVIDE:
                      00064         ; ... (Division subroutine, unchanged)
                      00065 
0019                  00066 MOD:
0019   01A7           00067         CLRF RESULT_MSB       ; Clear the result's Most Significant Byte (initialize to 0)
001A   01A6           00068         CLRF RESULT_LSB       ; Clear the result's Least Significant Byte (initialize to 0)
001B   0820           00069         MOVF R1_LSB, 0        ; Move the value in R1_LSB to TEMP_LSB (temporary storage)
001C   00A4           00070         MOVWF TEMP_LSB
001D   0821           00071         MOVF R1_MSB, 0        ; Move the value in R1_MSB to TEMP_MSB (temporary storage)
001E   00A5           00072         MOVWF TEMP_MSB
001F                  00073 MODLOOP:
001F   2???           00074         CALL SUB              ; Call the SUB subroutine to perform subtraction
0020   1C03           00075         BTFSS STATUS, 0       ; Check if there was a borrow (no carry) from the previous subtraction
0021   2???           00076         GOTO MODEND           ; If no borrow, exit the loop (modulo operation complete)
0022   2???           00077         GOTO MODLOOP          ; Continue the modulo loop
                      00078 
0023                  00079 MODEND:
0023   0822           00080         MOVF R2_LSB, 0        ; Move the value in R2_LSB to W register
0024   0724           00081         ADDWF TEMP_LSB, 0     ; Add the value in W to TEMP_LSB (carry ignored as it's not needed)
0025   1803           00082         BTFSC STATUS, 0       ; Check if there was a carry from the addition
Message[305]: Using default destination of 1 (file).
0026   0AA7           00083         INCF RESULT_MSB       ; If carry, increment the result's Most Significant Byte
0027   00A6           00084         MOVWF RESULT_LSB      ; Move the result of the addition to the result's Least Significant Byte
                      00085 
0028   0823           00086         MOVF R2_MSB, 0        ; Move the value in R2_MSB to W register
0029   0725           00087         ADDWF TEMP_MSB, 0     ; Add the value in W to TEMP_MSB (carry ignored as it's not needed)
Message[305]: Using default destination of 1 (file).
MPASM  5.50                          MAIN.ASM   7-21-2023  19:12:11         PAGE  3


LOC  OBJECT CODE     LINE SOURCE TEXT
  VALUE

002A   07A7           00088         ADDWF RESULT_MSB      ; Add the result of the addition to the result's Most Significant Byte
                      00089 
002B   0008           00090         RETURN                ; Return from the MOD subroutine
                      00091 
002C                  00092 loop:
3731                  00093         END                  ; End of the program
MPASM  5.50                          MAIN.ASM   7-21-2023  19:12:11         PAGE  4


SYMBOL TABLE
  LABEL                             VALUE 

ACKDT                             00000005
ACKEN                             00000004
ACKSTAT                           00000006
ADCON0                            0000001F
ADCON1                            0000009F
ADCS0                             00000006
ADCS1                             00000007
ADCS2                             00000006
ADD                               00000019
ADDEN                             00000003
ADFM                              00000007
ADIE                              00000006
ADIF                              00000006
ADON                              00000000
ADRESH                            0000001E
ADRESL                            0000009E
BCLIE                             00000003
BCLIF                             00000003
BF                                00000000
BRGH                              00000002
C                                 00000000
C1INV                             00000004
C1OUT                             00000006
C2INV                             00000005
C2OUT                             00000007
CCP1CON                           00000017
CCP1IE                            00000002
CCP1IF                            00000002
CCP1M0                            00000000
CCP1M1                            00000001
CCP1M2                            00000002
CCP1M3                            00000003
CCP1X                             00000005
CCP1Y                             00000004
CCP2CON                           0000001D
CCP2IE                            00000000
CCP2IF                            00000000
CCP2M0                            00000000
CCP2M1                            00000001
CCP2M2                            00000002
CCP2M3                            00000003
CCP2X                             00000005
CCP2Y                             00000004
CCPR1                             00000015
CCPR1H                            00000016
CCPR1L                            00000015
CCPR2                             0000001B
CCPR2H                            0000001C
CCPR2L                            0000001B
CHS0                              00000003
CHS1                              00000004
CHS2                              00000005
CIS                               00000003
MPASM  5.50                          MAIN.ASM   7-21-2023  19:12:11         PAGE  5


SYMBOL TABLE
  LABEL                             VALUE 

CKE                               00000006
CKP                               00000004
CM0                               00000000
CM1                               00000001
CM2                               00000002
CMCON                             0000009C
CMIE                              00000006
CMIF                              00000006
CREN                              00000004
CSRC                              00000007
CVR0                              00000000
CVR1                              00000001
CVR2                              00000002
CVR3                              00000003
CVRCON                            0000009D
CVREN                             00000007
CVROE                             00000006
CVRR                              00000005
D                                 00000005
DATA_ADDRESS                      00000005
DC                                00000001
DIVIDE                            00000019
D_A                               00000005
D_NOT_A                           00000005
EEADR                             0000010D
EEADRH                            0000010F
EECON1                            0000018C
EECON2                            0000018D
EEDATA                            0000010C
EEDATH                            0000010E
EEIE                              00000004
EEIF                              00000004
EEPGD                             00000007
F                                 00000001
FERR                              00000002
FSR                               00000004
GCEN                              00000007
GIE                               00000007
GO                                00000002
GO_DONE                           00000002
GO_NOT_DONE                       00000002
I2C_DATA                          00000005
I2C_READ                          00000002
I2C_START                         00000003
I2C_STOP                          00000004
IBF                               00000007
IBOV                              00000005
INDF                              00000000
INIT                              00000007
INTCON                            0000000B
INTE                              00000004
INTEDG                            00000006
INTF                              00000001
MPASM  5.50                          MAIN.ASM   7-21-2023  19:12:11         PAGE  6


SYMBOL TABLE
  LABEL                             VALUE 

IRP                               00000007
ISR                               00000005
MOD                               00000019
MODEND                            00000023
MODLOOP                           0000001F
NOT_A                             00000005
NOT_ADDRESS                       00000005
NOT_BO                            00000000
NOT_BOR                           00000000
NOT_DONE                          00000002
NOT_PD                            00000003
NOT_POR                           00000001
NOT_RBPU                          00000007
NOT_RC8                           00000006
NOT_T1SYNC                        00000002
NOT_TO                            00000004
NOT_TX8                           00000006
NOT_W                             00000002
NOT_WRITE                         00000002
OBF                               00000006
OERR                              00000001
OPTION_REG                        00000081
P                                 00000004
PCFG0                             00000000
PCFG1                             00000001
PCFG2                             00000002
PCFG3                             00000003
PCL                               00000002
PCLATH                            0000000A
PCON                              0000008E
PEIE                              00000006
PEN                               00000002
PIE1                              0000008C
PIE2                              0000008D
PIR1                              0000000C
PIR2                              0000000D
PORTA                             00000005
PORTB                             00000006
PORTC                             00000007
PORTD                             00000008
PORTE                             00000009
PR2                               00000092
PS0                               00000000
PS1                               00000001
PS2                               00000002
PSA                               00000003
PSPIE                             00000007
PSPIF                             00000007
PSPMODE                           00000004
R                                 00000002
R1_LSB                            00000020
R1_MSB                            00000021
R2_LSB                            00000022
MPASM  5.50                          MAIN.ASM   7-21-2023  19:12:11         PAGE  7


SYMBOL TABLE
  LABEL                             VALUE 

R2_MSB                            00000023
RA0                               00000000
RA1                               00000001
RA2                               00000002
RA3                               00000003
RA4                               00000004
RA5                               00000005
RB0                               00000000
RB1                               00000001
RB2                               00000002
RB3                               00000003
RB4                               00000004
RB5                               00000005
RB6                               00000006
RB7                               00000007
RBIE                              00000003
RBIF                              00000000
RC0                               00000000
RC1                               00000001
RC2                               00000002
RC3                               00000003
RC4                               00000004
RC5                               00000005
RC6                               00000006
RC7                               00000007
RC8_9                             00000006
RC9                               00000006
RCD8                              00000000
RCEN                              00000003
RCIE                              00000005
RCIF                              00000005
RCREG                             0000001A
RCSTA                             00000018
RD                                00000000
RD0                               00000000
RD1                               00000001
RD2                               00000002
RD3                               00000003
RD4                               00000004
RD5                               00000005
RD6                               00000006
RD7                               00000007
RE0                               00000000
RE1                               00000001
RE2                               00000002
READ_WRITE                        00000002
RESULT_LSB                        00000026
RESULT_MSB                        00000027
RP0                               00000005
RP1                               00000006
RSEN                              00000001
RX9                               00000006
RX9D                              00000000
MPASM  5.50                          MAIN.ASM   7-21-2023  19:12:11         PAGE  8


SYMBOL TABLE
  LABEL                             VALUE 

R_NOT_W                           00000002
R_W                               00000002
S                                 00000003
SEN                               00000000
SMP                               00000007
SPBRG                             00000099
SPEN                              00000007
SREN                              00000005
SSPADD                            00000093
SSPBUF                            00000013
SSPCON                            00000014
SSPCON2                           00000091
SSPEN                             00000005
SSPIE                             00000003
SSPIF                             00000003
SSPM0                             00000000
SSPM1                             00000001
SSPM2                             00000002
SSPM3                             00000003
SSPOV                             00000006
SSPSTAT                           00000094
START                             0000000F
STATUS                            00000003
SUB                               00000019
SYNC                              00000004
T0CS                              00000005
T0IE                              00000005
T0IF                              00000002
T0SE                              00000004
T1CKPS0                           00000004
T1CKPS1                           00000005
T1CON                             00000010
T1INSYNC                          00000002
T1OSCEN                           00000003
T1SYNC                            00000002
T2CKPS0                           00000000
T2CKPS1                           00000001
T2CON                             00000012
TEMP_LSB                          00000024
TEMP_MSB                          00000025
TEMP_W                            00000028
TMR0                              00000001
TMR0IE                            00000005
TMR0IF                            00000002
TMR1                              0000000E
TMR1CS                            00000001
TMR1H                             0000000F
TMR1IE                            00000000
TMR1IF                            00000000
TMR1L                             0000000E
TMR1ON                            00000000
TMR2                              00000011
TMR2IE                            00000001
MPASM  5.50                          MAIN.ASM   7-21-2023  19:12:11         PAGE  9


SYMBOL TABLE
  LABEL                             VALUE 

TMR2IF                            00000001
TMR2ON                            00000002
TOUTPS0                           00000003
TOUTPS1                           00000004
TOUTPS2                           00000005
TOUTPS3                           00000006
TRISA                             00000085
TRISA0                            00000000
TRISA1                            00000001
TRISA2                            00000002
TRISA3                            00000003
TRISA4                            00000004
TRISA5                            00000005
TRISB                             00000086
TRISB0                            00000000
TRISB1                            00000001
TRISB2                            00000002
TRISB3                            00000003
TRISB4                            00000004
TRISB5                            00000005
TRISB6                            00000006
TRISB7                            00000007
TRISC                             00000087
TRISC0                            00000000
TRISC1                            00000001
TRISC2                            00000002
TRISC3                            00000003
TRISC4                            00000004
TRISC5                            00000005
TRISC6                            00000006
TRISC7                            00000007
TRISD                             00000088
TRISD0                            00000000
TRISD1                            00000001
TRISD2                            00000002
TRISD3                            00000003
TRISD4                            00000004
TRISD5                            00000005
TRISD6                            00000006
TRISD7                            00000007
TRISE                             00000089
TRISE0                            00000000
TRISE1                            00000001
TRISE2                            00000002
TRMT                              00000001
TX8_9                             00000006
TX9                               00000006
TX9D                              00000000
TXD8                              00000000
TXEN                              00000005
TXIE                              00000004
TXIF                              00000004
TXREG                             00000019
MPASM  5.50                          MAIN.ASM   7-21-2023  19:12:11         PAGE 10


SYMBOL TABLE
  LABEL                             VALUE 

TXSTA                             00000098
UA                                00000001
W                                 00000000
WCOL                              00000007
WR                                00000001
WREN                              00000002
WRERR                             00000003
Z                                 00000002
_BODEN_OFF                        00003FBF
_BODEN_ON                         00003FFF
_BOREN_OFF                        00003FBF
_BOREN_ON                         00003FFF
_CONFIG                           00002007
_CPD_OFF                          00003FFF
_CPD_ON                           00003EFF
_CP_ALL                           00001FFF
_CP_OFF                           00003FFF
_CP_ON                            00001FFF
_DEBUG_OFF                        00003FFF
_DEBUG_ON                         000037FF
_DEVID1                           00002006
_FOSC_EXTRC                       00003FFF
_FOSC_HS                          00003FFE
_FOSC_LP                          00003FFC
_FOSC_XT                          00003FFD
_HS_OSC                           00003FFE
_IDLOC0                           00002000
_IDLOC1                           00002001
_IDLOC2                           00002002
_IDLOC3                           00002003
_LP_OSC                           00003FFC
_LVP_OFF                          00003F7F
_LVP_ON                           00003FFF
_PWRTE_OFF                        00003FFF
_PWRTE_ON                         00003FF7
_RC_OSC                           00003FFF
_WDTE_OFF                         00003FFB
_WDTE_ON                          00003FFF
_WDT_OFF                          00003FFB
_WDT_ON                           00003FFF
_WRT_1FOURTH                      00003BFF
_WRT_256                          00003DFF
_WRT_HALF                         000039FF
_WRT_OFF                          00003FFF
_XT_OSC                           00003FFD
__16F877A                         00000001
__DEBUG                           1
loop                              0000002C

Errors   :     0
Warnings :     8 reported,     0 suppressed
Messages :     2 reported,     0 suppressed

